2025-12-28 19:45:16 INFO  Utils:112 - [TestNG] Running:
  C:\Users\DELL\eclipse-workspace\project_cart_001\testng.xml

2025-12-28 19:45:25 INFO  Cart_TC_001:22 - ***Started****
2025-12-28 19:45:25 INFO  Cart_TC_001:27 - my account
2025-12-28 19:45:26 INFO  Cart_TC_001:29 - reg
2025-12-28 19:45:28 INFO  Cart_TC_001:40 - excepted message
2025-12-28 19:45:39 INFO  Cart_TC_001:22 - ***Started****
2025-12-28 19:45:39 INFO  Cart_TC_001:27 - my account
2025-12-28 19:45:40 INFO  Cart_TC_001:29 - reg
2025-12-28 19:45:41 INFO  Cart_TC_001:40 - excepted message
2025-12-28 20:00:52 INFO  Utils:112 - [TestNG] Running:
  C:\Users\DELL\eclipse-workspace\project_cart_001\testng.xml

2025-12-28 20:01:59 INFO  Cart_TC_001:22 - ***Started****
2025-12-28 20:02:05 INFO  Cart_TC_001:27 - my account
2025-12-28 20:02:11 INFO  Cart_TC_001:29 - reg
2025-12-28 20:02:32 INFO  Cart_TC_001:40 - excepted message
2025-12-28 20:02:38 INFO  Cart_TC_001:22 - ***Started****
2025-12-28 20:02:42 INFO  Cart_TC_001:27 - my account
2025-12-28 20:02:47 INFO  Cart_TC_001:29 - reg
2025-12-28 20:02:53 INFO  Cart_TC_001:40 - excepted message
2025-12-28 22:15:38 INFO  Utils:112 - [TestNG] Running:
  C:\Users\DELL\eclipse-workspace\project_cart_001\testng.xml

2025-12-28 22:19:06 INFO  Utils:112 - [TestNG] Running:
  C:\Users\DELL\eclipse-workspace\project_cart_001\testng.xml

2025-12-28 22:19:36 INFO  Utils:112 - [TestNG] Running:
  C:\Users\DELL\eclipse-workspace\project_cart_001\testng.xml

2025-12-28 22:20:23 INFO  Utils:112 - [TestNG] Running:
  C:\Users\DELL\eclipse-workspace\project_cart_001\testng.xml

2025-12-28 22:21:25 INFO  Utils:112 - [TestNG] Running:
  C:\Users\DELL\eclipse-workspace\project_cart_001\testng.xml

2025-12-28 22:22:17 INFO  Utils:112 - [TestNG] Running:
  C:\Users\DELL\eclipse-workspace\project_cart_001\CrossBrowserTesting.xml

2025-12-28 22:23:26 INFO  Utils:112 - [TestNG] Running:
  C:\Users\DELL\eclipse-workspace\project_cart_001\CrossBrowserTesting.xml

2025-12-28 22:24:46 INFO  Utils:112 - [TestNG] Running:
  C:\Users\DELL\eclipse-workspace\project_cart_001\testng.xml

2025-12-28 22:26:05 INFO  Utils:112 - [TestNG] Running:
  C:\Users\DELL\eclipse-workspace\project_cart_001\testng.xml

2025-12-28 22:26:21 INFO  Cart_TC_001:22 - ***Started****
2025-12-28 22:26:23 INFO  Cart_TC_001:27 - my account
2025-12-28 22:26:25 INFO  Cart_TC_001:29 - reg
2025-12-28 22:26:27 INFO  Cart_TC_001:40 - excepted message
2025-12-28 23:17:09 INFO  Utils:112 - [TestNG] Running:
  C:\Users\DELL\eclipse-workspace\project_cart_001\testng.xml

2025-12-28 23:17:17 INFO  Cart_TC_001:22 - ***Started****
2025-12-28 23:17:24 INFO  Cart_TC_001:27 - my account
2025-12-28 23:17:25 INFO  Cart_TC_001:29 - reg
2025-12-28 23:17:28 INFO  Cart_TC_001:40 - excepted message
